<?xml version="1.0" encoding="UTF-8"?>
<!-- Generated by org.testng.reporters.JUnitReportReporter -->
<testsuite hostname="subhras-MBP.attlocal.net" failures="0" tests="3" name="Search.homePageTest" time="22.622" errors="0" timestamp="23 Dec 2020 11:10:49 GMT" skipped="0">
  <testcase classname="Search.homePageTest" name="searchItems" time="16.181"/>
  <testcase classname="Search.homePageTest" name="verifyEbay" time="3.536"/>
  <testcase classname="Search.homePageTest" name="getCategories" time="2.905"/>
</testsuite> <!-- Search.homePageTest -->
