<?xml version="1.0" encoding="UTF-8"?>
<!-- Generated by org.testng.reporters.JUnitReportReporter -->
<testsuite hostname="Subhras-MacBook-Pro.local" failures="0" tests="1" name="home.TestHomePage" time="9.444" errors="0" timestamp="22 Sep 2018 15:29:26 GMT" skipped="0">
  <testcase classname="home.TestHomePage" name="homeUrl" time="9.444"/>
</testsuite> <!-- home.TestHomePage -->
