<?xml version="1.0" encoding="UTF-8"?>
<!-- Generated by org.testng.reporters.JUnitReportReporter -->
<testsuite hostname="subhras-MBP.attlocal.net" failures="0" tests="1" name="home.TestHomePage" time="2.603" errors="0" timestamp="23 Dec 2020 11:10:54 GMT" skipped="0">
  <testcase classname="home.TestHomePage" name="homeUrl" time="2.603"/>
</testsuite> <!-- home.TestHomePage -->
