<?xml version="1.0" encoding="UTF-8"?>
<testsuite xmlns:xsi="http://www.w3.org/2001/XMLSchema-instance" xsi:noNamespaceSchemaLocation="https://maven.apache.org/surefire/maven-surefire-plugin/xsd/surefire-test-report.xsd" name="TestSuite" time="14.535" tests="24" errors="0" skipped="20" failures="2">
  <properties>
    <property name="gopherProxySet" value="false"/>
    <property name="awt.toolkit" value="sun.lwawt.macosx.LWCToolkit"/>
    <property name="file.encoding.pkg" value="sun.io"/>
    <property name="java.specification.version" value="1.8"/>
    <property name="sun.cpu.isalist" value=""/>
    <property name="sun.jnu.encoding" value="UTF-8"/>
    <property name="java.class.path" value="/Users/ismayatikiran/Documents/Web-Automation-FrameWork_group1/Web-Automation-FrameWork/instagram/target/test-classes:/Users/ismayatikiran/Documents/Web-Automation-FrameWork_group1/Web-Automation-FrameWork/instagram/target/classes:/Users/ismayatikiran/.m2/repository/Web-Page-Automation/Generic/1.0-SNAPSHOT/Generic-1.0-SNAPSHOT.jar:/Users/ismayatikiran/.m2/repository/org/testng/testng/6.14.3/testng-6.14.3.jar:/Users/ismayatikiran/.m2/repository/com/beust/jcommander/1.72/jcommander-1.72.jar:/Users/ismayatikiran/.m2/repository/org/apache-extras/beanshell/bsh/2.0b6/bsh-2.0b6.jar:/Users/ismayatikiran/.m2/repository/org/seleniumhq/selenium/selenium-java/3.11.0/selenium-java-3.11.0.jar:/Users/ismayatikiran/.m2/repository/org/seleniumhq/selenium/selenium-api/3.11.0/selenium-api-3.11.0.jar:/Users/ismayatikiran/.m2/repository/org/seleniumhq/selenium/selenium-chrome-driver/3.11.0/selenium-chrome-driver-3.11.0.jar:/Users/ismayatikiran/.m2/repository/org/seleniumhq/selenium/selenium-edge-driver/3.11.0/selenium-edge-driver-3.11.0.jar:/Users/ismayatikiran/.m2/repository/org/seleniumhq/selenium/selenium-firefox-driver/3.11.0/selenium-firefox-driver-3.11.0.jar:/Users/ismayatikiran/.m2/repository/org/seleniumhq/selenium/selenium-ie-driver/3.11.0/selenium-ie-driver-3.11.0.jar:/Users/ismayatikiran/.m2/repository/org/seleniumhq/selenium/selenium-opera-driver/3.11.0/selenium-opera-driver-3.11.0.jar:/Users/ismayatikiran/.m2/repository/org/seleniumhq/selenium/selenium-remote-driver/3.11.0/selenium-remote-driver-3.11.0.jar:/Users/ismayatikiran/.m2/repository/org/seleniumhq/selenium/selenium-safari-driver/3.11.0/selenium-safari-driver-3.11.0.jar:/Users/ismayatikiran/.m2/repository/org/seleniumhq/selenium/selenium-support/3.11.0/selenium-support-3.11.0.jar:/Users/ismayatikiran/.m2/repository/net/bytebuddy/byte-buddy/1.7.9/byte-buddy-1.7.9.jar:/Users/ismayatikiran/.m2/repository/org/apache/commons/commons-exec/1.3/commons-exec-1.3.jar:/Users/ismayatikiran/.m2/repository/commons-codec/commons-codec/1.10/commons-codec-1.10.jar:/Users/ismayatikiran/.m2/repository/commons-logging/commons-logging/1.2/commons-logging-1.2.jar:/Users/ismayatikiran/.m2/repository/com/google/code/gson/gson/2.8.2/gson-2.8.2.jar:/Users/ismayatikiran/.m2/repository/com/google/guava/guava/23.6-jre/guava-23.6-jre.jar:/Users/ismayatikiran/.m2/repository/com/google/code/findbugs/jsr305/1.3.9/jsr305-1.3.9.jar:/Users/ismayatikiran/.m2/repository/org/checkerframework/checker-compat-qual/2.0.0/checker-compat-qual-2.0.0.jar:/Users/ismayatikiran/.m2/repository/com/google/errorprone/error_prone_annotations/2.1.3/error_prone_annotations-2.1.3.jar:/Users/ismayatikiran/.m2/repository/com/google/j2objc/j2objc-annotations/1.1/j2objc-annotations-1.1.jar:/Users/ismayatikiran/.m2/repository/org/codehaus/mojo/animal-sniffer-annotations/1.14/animal-sniffer-annotations-1.14.jar:/Users/ismayatikiran/.m2/repository/org/apache/httpcomponents/httpclient/4.5.3/httpclient-4.5.3.jar:/Users/ismayatikiran/.m2/repository/org/apache/httpcomponents/httpcore/4.4.6/httpcore-4.4.6.jar:/Users/ismayatikiran/.m2/repository/com/squareup/okhttp3/okhttp/3.9.1/okhttp-3.9.1.jar:/Users/ismayatikiran/.m2/repository/com/squareup/okio/okio/1.13.0/okio-1.13.0.jar:/Users/ismayatikiran/.m2/repository/org/seleniumhq/selenium/selenium-server/3.11.0/selenium-server-3.11.0.jar:/Users/ismayatikiran/.m2/repository/org/apache/commons/commons-lang3/3.7/commons-lang3-3.7.jar:/Users/ismayatikiran/.m2/repository/org/apache/commons/commons-text/1.1/commons-text-1.1.jar:/Users/ismayatikiran/.m2/repository/commons-io/commons-io/2.6/commons-io-2.6.jar:/Users/ismayatikiran/.m2/repository/commons-net/commons-net/3.6/commons-net-3.6.jar:/Users/ismayatikiran/.m2/repository/org/w3c/css/sac/1.3/sac-1.3.jar:/Users/ismayatikiran/.m2/repository/net/sourceforge/cssparser/cssparser/0.9.24/cssparser-0.9.24.jar:/Users/ismayatikiran/.m2/repository/net/sourceforge/htmlunit/htmlunit/2.29/htmlunit-2.29.jar:/Users/ismayatikiran/.m2/repository/net/sourceforge/htmlunit/htmlunit-core-js/2.28/htmlunit-core-js-2.28.jar:/Users/ismayatikiran/.m2/repository/net/sourceforge/htmlunit/neko-htmlunit/2.28/neko-htmlunit-2.28.jar:/Users/ismayatikiran/.m2/repository/org/apache/httpcomponents/httpmime/4.5.3/httpmime-4.5.3.jar:/Users/ismayatikiran/.m2/repository/net/jcip/jcip-annotations/1.0/jcip-annotations-1.0.jar:/Users/ismayatikiran/.m2/repository/org/seleniumhq/selenium/jetty-repacked/9.4.7.v20171121/jetty-repacked-9.4.7.v20171121.jar:/Users/ismayatikiran/.m2/repository/org/eclipse/jetty/jetty-client/9.4.7.v20170914/jetty-client-9.4.7.v20170914.jar:/Users/ismayatikiran/.m2/repository/org/eclipse/jetty/jetty-http/9.4.8.v20171121/jetty-http-9.4.8.v20171121.jar:/Users/ismayatikiran/.m2/repository/org/eclipse/jetty/jetty-io/9.4.8.v20171121/jetty-io-9.4.8.v20171121.jar:/Users/ismayatikiran/.m2/repository/org/eclipse/jetty/jetty-util/9.4.8.v20171121/jetty-util-9.4.8.v20171121.jar:/Users/ismayatikiran/.m2/repository/org/eclipse/jetty/jetty-xml/9.4.7.v20170914/jetty-xml-9.4.7.v20170914.jar:/Users/ismayatikiran/.m2/repository/org/seleniumhq/selenium/htmlunit-driver/2.29.0/htmlunit-driver-2.29.0.jar:/Users/ismayatikiran/.m2/repository/javax/servlet/javax.servlet-api/3.1.0/javax.servlet-api-3.1.0.jar:/Users/ismayatikiran/.m2/repository/org/eclipse/jetty/websocket/websocket-api/9.4.7.v20170914/websocket-api-9.4.7.v20170914.jar:/Users/ismayatikiran/.m2/repository/org/eclipse/jetty/websocket/websocket-client/9.4.7.v20170914/websocket-client-9.4.7.v20170914.jar:/Users/ismayatikiran/.m2/repository/org/eclipse/jetty/websocket/websocket-common/9.4.7.v20170914/websocket-common-9.4.7.v20170914.jar:/Users/ismayatikiran/.m2/repository/xalan/serializer/2.7.2/serializer-2.7.2.jar:/Users/ismayatikiran/.m2/repository/xalan/xalan/2.7.2/xalan-2.7.2.jar:/Users/ismayatikiran/.m2/repository/xerces/xercesImpl/2.11.0/xercesImpl-2.11.0.jar:/Users/ismayatikiran/.m2/repository/xml-apis/xml-apis/1.4.01/xml-apis-1.4.01.jar:/Users/ismayatikiran/.m2/repository/org/yaml/snakeyaml/1.19/snakeyaml-1.19.jar:/Users/ismayatikiran/.m2/repository/org/apache/poi/poi/3.17/poi-3.17.jar:/Users/ismayatikiran/.m2/repository/org/apache/commons/commons-collections4/4.1/commons-collections4-4.1.jar:/Users/ismayatikiran/.m2/repository/com/google/api-client/google-api-client/1.22.0/google-api-client-1.22.0.jar:/Users/ismayatikiran/.m2/repository/com/google/oauth-client/google-oauth-client/1.22.0/google-oauth-client-1.22.0.jar:/Users/ismayatikiran/.m2/repository/com/google/http-client/google-http-client/1.22.0/google-http-client-1.22.0.jar:/Users/ismayatikiran/.m2/repository/com/google/http-client/google-http-client-jackson2/1.22.0/google-http-client-jackson2-1.22.0.jar:/Users/ismayatikiran/.m2/repository/com/fasterxml/jackson/core/jackson-core/2.1.3/jackson-core-2.1.3.jar:/Users/ismayatikiran/.m2/repository/com/google/guava/guava-jdk5/17.0/guava-jdk5-17.0.jar:/Users/ismayatikiran/.m2/repository/org/mongodb/mongo-java-driver/3.6.0-beta1/mongo-java-driver-3.6.0-beta1.jar:/Users/ismayatikiran/.m2/repository/mysql/mysql-connector-java/6.0.6/mysql-connector-java-6.0.6.jar:/Users/ismayatikiran/.m2/repository/com/aventstack/extentreports/3.0.7/extentreports-3.0.7.jar:/Users/ismayatikiran/.m2/repository/org/freemarker/freemarker/2.3.23/freemarker-2.3.23.jar:/Users/ismayatikiran/.m2/repository/org/mongodb/mongodb-driver/3.3.0/mongodb-driver-3.3.0.jar:/Users/ismayatikiran/.m2/repository/org/mongodb/bson/3.3.0/bson-3.3.0.jar:/Users/ismayatikiran/.m2/repository/org/mongodb/mongodb-driver-core/3.3.0/mongodb-driver-core-3.3.0.jar:/Users/ismayatikiran/.m2/repository/org/jsoup/jsoup/1.9.2/jsoup-1.9.2.jar:/Users/ismayatikiran/.m2/repository/com/relevantcodes/extentreports/2.41.1/extentreports-2.41.1.jar:/Users/ismayatikiran/.m2/repository/org/xerial/sqlite-jdbc/3.8.11.1/sqlite-jdbc-3.8.11.1.jar:/Users/ismayatikiran/.m2/repository/io/rest-assured/rest-assured/3.1.0/rest-assured-3.1.0.jar:/Users/ismayatikiran/.m2/repository/org/codehaus/groovy/groovy/2.4.12/groovy-2.4.12.jar:/Users/ismayatikiran/.m2/repository/org/codehaus/groovy/groovy-xml/2.4.12/groovy-xml-2.4.12.jar:/Users/ismayatikiran/.m2/repository/org/hamcrest/hamcrest-core/1.3/hamcrest-core-1.3.jar:/Users/ismayatikiran/.m2/repository/org/hamcrest/hamcrest-library/1.3/hamcrest-library-1.3.jar:/Users/ismayatikiran/.m2/repository/org/ccil/cowan/tagsoup/tagsoup/1.2.1/tagsoup-1.2.1.jar:/Users/ismayatikiran/.m2/repository/io/rest-assured/json-path/3.1.0/json-path-3.1.0.jar:/Users/ismayatikiran/.m2/repository/org/codehaus/groovy/groovy-json/2.4.12/groovy-json-2.4.12.jar:/Users/ismayatikiran/.m2/repository/io/rest-assured/rest-assured-common/3.1.0/rest-assured-common-3.1.0.jar:/Users/ismayatikiran/.m2/repository/io/rest-assured/xml-path/3.1.0/xml-path-3.1.0.jar:/Users/ismayatikiran/.m2/repository/javax/xml/bind/jaxb-api/2.2.12/jaxb-api-2.2.12.jar:/Users/ismayatikiran/.m2/repository/org/apache/maven/surefire/surefire-testng-utils/2.20.1/surefire-testng-utils-2.20.1.jar:/Users/ismayatikiran/.m2/repository/org/apache/maven/surefire/surefire-grouper/2.20.1/surefire-grouper-2.20.1.jar:"/>
    <property name="java.vm.vendor" value="Oracle Corporation"/>
    <property name="sun.arch.data.model" value="64"/>
    <property name="java.vendor.url" value="http://java.oracle.com/"/>
    <property name="user.timezone" value=""/>
    <property name="java.vm.specification.version" value="1.8"/>
    <property name="os.name" value="Mac OS X"/>
    <property name="user.country" value="US"/>
    <property name="sun.java.launcher" value="SUN_STANDARD"/>
    <property name="sun.boot.library.path" value="/Library/Java/JavaVirtualMachines/jdk1.8.0_181.jdk/Contents/Home/jre/lib"/>
    <property name="sun.java.command" value="/Users/ismayatikiran/Documents/Web-Automation-FrameWork_group1/Web-Automation-FrameWork/instagram/target/surefire/surefirebooter5106992285244508838.jar /Users/ismayatikiran/Documents/Web-Automation-FrameWork_group1/Web-Automation-FrameWork/instagram/target/surefire 2018-09-22T11-42-27_042-jvmRun1 surefire2108735917077171772tmp surefire_02908973425660606332tmp"/>
    <property name="http.nonProxyHosts" value="local|*.local|169.254/16|*.169.254/16"/>
    <property name="surefire.test.class.path" value="/Users/ismayatikiran/Documents/Web-Automation-FrameWork_group1/Web-Automation-FrameWork/instagram/target/test-classes:/Users/ismayatikiran/Documents/Web-Automation-FrameWork_group1/Web-Automation-FrameWork/instagram/target/classes:/Users/ismayatikiran/.m2/repository/Web-Page-Automation/Generic/1.0-SNAPSHOT/Generic-1.0-SNAPSHOT.jar:/Users/ismayatikiran/.m2/repository/org/testng/testng/6.14.3/testng-6.14.3.jar:/Users/ismayatikiran/.m2/repository/com/beust/jcommander/1.72/jcommander-1.72.jar:/Users/ismayatikiran/.m2/repository/org/apache-extras/beanshell/bsh/2.0b6/bsh-2.0b6.jar:/Users/ismayatikiran/.m2/repository/org/seleniumhq/selenium/selenium-java/3.11.0/selenium-java-3.11.0.jar:/Users/ismayatikiran/.m2/repository/org/seleniumhq/selenium/selenium-api/3.11.0/selenium-api-3.11.0.jar:/Users/ismayatikiran/.m2/repository/org/seleniumhq/selenium/selenium-chrome-driver/3.11.0/selenium-chrome-driver-3.11.0.jar:/Users/ismayatikiran/.m2/repository/org/seleniumhq/selenium/selenium-edge-driver/3.11.0/selenium-edge-driver-3.11.0.jar:/Users/ismayatikiran/.m2/repository/org/seleniumhq/selenium/selenium-firefox-driver/3.11.0/selenium-firefox-driver-3.11.0.jar:/Users/ismayatikiran/.m2/repository/org/seleniumhq/selenium/selenium-ie-driver/3.11.0/selenium-ie-driver-3.11.0.jar:/Users/ismayatikiran/.m2/repository/org/seleniumhq/selenium/selenium-opera-driver/3.11.0/selenium-opera-driver-3.11.0.jar:/Users/ismayatikiran/.m2/repository/org/seleniumhq/selenium/selenium-remote-driver/3.11.0/selenium-remote-driver-3.11.0.jar:/Users/ismayatikiran/.m2/repository/org/seleniumhq/selenium/selenium-safari-driver/3.11.0/selenium-safari-driver-3.11.0.jar:/Users/ismayatikiran/.m2/repository/org/seleniumhq/selenium/selenium-support/3.11.0/selenium-support-3.11.0.jar:/Users/ismayatikiran/.m2/repository/net/bytebuddy/byte-buddy/1.7.9/byte-buddy-1.7.9.jar:/Users/ismayatikiran/.m2/repository/org/apache/commons/commons-exec/1.3/commons-exec-1.3.jar:/Users/ismayatikiran/.m2/repository/commons-codec/commons-codec/1.10/commons-codec-1.10.jar:/Users/ismayatikiran/.m2/repository/commons-logging/commons-logging/1.2/commons-logging-1.2.jar:/Users/ismayatikiran/.m2/repository/com/google/code/gson/gson/2.8.2/gson-2.8.2.jar:/Users/ismayatikiran/.m2/repository/com/google/guava/guava/23.6-jre/guava-23.6-jre.jar:/Users/ismayatikiran/.m2/repository/com/google/code/findbugs/jsr305/1.3.9/jsr305-1.3.9.jar:/Users/ismayatikiran/.m2/repository/org/checkerframework/checker-compat-qual/2.0.0/checker-compat-qual-2.0.0.jar:/Users/ismayatikiran/.m2/repository/com/google/errorprone/error_prone_annotations/2.1.3/error_prone_annotations-2.1.3.jar:/Users/ismayatikiran/.m2/repository/com/google/j2objc/j2objc-annotations/1.1/j2objc-annotations-1.1.jar:/Users/ismayatikiran/.m2/repository/org/codehaus/mojo/animal-sniffer-annotations/1.14/animal-sniffer-annotations-1.14.jar:/Users/ismayatikiran/.m2/repository/org/apache/httpcomponents/httpclient/4.5.3/httpclient-4.5.3.jar:/Users/ismayatikiran/.m2/repository/org/apache/httpcomponents/httpcore/4.4.6/httpcore-4.4.6.jar:/Users/ismayatikiran/.m2/repository/com/squareup/okhttp3/okhttp/3.9.1/okhttp-3.9.1.jar:/Users/ismayatikiran/.m2/repository/com/squareup/okio/okio/1.13.0/okio-1.13.0.jar:/Users/ismayatikiran/.m2/repository/org/seleniumhq/selenium/selenium-server/3.11.0/selenium-server-3.11.0.jar:/Users/ismayatikiran/.m2/repository/org/apache/commons/commons-lang3/3.7/commons-lang3-3.7.jar:/Users/ismayatikiran/.m2/repository/org/apache/commons/commons-text/1.1/commons-text-1.1.jar:/Users/ismayatikiran/.m2/repository/commons-io/commons-io/2.6/commons-io-2.6.jar:/Users/ismayatikiran/.m2/repository/commons-net/commons-net/3.6/commons-net-3.6.jar:/Users/ismayatikiran/.m2/repository/org/w3c/css/sac/1.3/sac-1.3.jar:/Users/ismayatikiran/.m2/repository/net/sourceforge/cssparser/cssparser/0.9.24/cssparser-0.9.24.jar:/Users/ismayatikiran/.m2/repository/net/sourceforge/htmlunit/htmlunit/2.29/htmlunit-2.29.jar:/Users/ismayatikiran/.m2/repository/net/sourceforge/htmlunit/htmlunit-core-js/2.28/htmlunit-core-js-2.28.jar:/Users/ismayatikiran/.m2/repository/net/sourceforge/htmlunit/neko-htmlunit/2.28/neko-htmlunit-2.28.jar:/Users/ismayatikiran/.m2/repository/org/apache/httpcomponents/httpmime/4.5.3/httpmime-4.5.3.jar:/Users/ismayatikiran/.m2/repository/net/jcip/jcip-annotations/1.0/jcip-annotations-1.0.jar:/Users/ismayatikiran/.m2/repository/org/seleniumhq/selenium/jetty-repacked/9.4.7.v20171121/jetty-repacked-9.4.7.v20171121.jar:/Users/ismayatikiran/.m2/repository/org/eclipse/jetty/jetty-client/9.4.7.v20170914/jetty-client-9.4.7.v20170914.jar:/Users/ismayatikiran/.m2/repository/org/eclipse/jetty/jetty-http/9.4.8.v20171121/jetty-http-9.4.8.v20171121.jar:/Users/ismayatikiran/.m2/repository/org/eclipse/jetty/jetty-io/9.4.8.v20171121/jetty-io-9.4.8.v20171121.jar:/Users/ismayatikiran/.m2/repository/org/eclipse/jetty/jetty-util/9.4.8.v20171121/jetty-util-9.4.8.v20171121.jar:/Users/ismayatikiran/.m2/repository/org/eclipse/jetty/jetty-xml/9.4.7.v20170914/jetty-xml-9.4.7.v20170914.jar:/Users/ismayatikiran/.m2/repository/org/seleniumhq/selenium/htmlunit-driver/2.29.0/htmlunit-driver-2.29.0.jar:/Users/ismayatikiran/.m2/repository/javax/servlet/javax.servlet-api/3.1.0/javax.servlet-api-3.1.0.jar:/Users/ismayatikiran/.m2/repository/org/eclipse/jetty/websocket/websocket-api/9.4.7.v20170914/websocket-api-9.4.7.v20170914.jar:/Users/ismayatikiran/.m2/repository/org/eclipse/jetty/websocket/websocket-client/9.4.7.v20170914/websocket-client-9.4.7.v20170914.jar:/Users/ismayatikiran/.m2/repository/org/eclipse/jetty/websocket/websocket-common/9.4.7.v20170914/websocket-common-9.4.7.v20170914.jar:/Users/ismayatikiran/.m2/repository/xalan/serializer/2.7.2/serializer-2.7.2.jar:/Users/ismayatikiran/.m2/repository/xalan/xalan/2.7.2/xalan-2.7.2.jar:/Users/ismayatikiran/.m2/repository/xerces/xercesImpl/2.11.0/xercesImpl-2.11.0.jar:/Users/ismayatikiran/.m2/repository/xml-apis/xml-apis/1.4.01/xml-apis-1.4.01.jar:/Users/ismayatikiran/.m2/repository/org/yaml/snakeyaml/1.19/snakeyaml-1.19.jar:/Users/ismayatikiran/.m2/repository/org/apache/poi/poi/3.17/poi-3.17.jar:/Users/ismayatikiran/.m2/repository/org/apache/commons/commons-collections4/4.1/commons-collections4-4.1.jar:/Users/ismayatikiran/.m2/repository/com/google/api-client/google-api-client/1.22.0/google-api-client-1.22.0.jar:/Users/ismayatikiran/.m2/repository/com/google/oauth-client/google-oauth-client/1.22.0/google-oauth-client-1.22.0.jar:/Users/ismayatikiran/.m2/repository/com/google/http-client/google-http-client/1.22.0/google-http-client-1.22.0.jar:/Users/ismayatikiran/.m2/repository/com/google/http-client/google-http-client-jackson2/1.22.0/google-http-client-jackson2-1.22.0.jar:/Users/ismayatikiran/.m2/repository/com/fasterxml/jackson/core/jackson-core/2.1.3/jackson-core-2.1.3.jar:/Users/ismayatikiran/.m2/repository/com/google/guava/guava-jdk5/17.0/guava-jdk5-17.0.jar:/Users/ismayatikiran/.m2/repository/org/mongodb/mongo-java-driver/3.6.0-beta1/mongo-java-driver-3.6.0-beta1.jar:/Users/ismayatikiran/.m2/repository/mysql/mysql-connector-java/6.0.6/mysql-connector-java-6.0.6.jar:/Users/ismayatikiran/.m2/repository/com/aventstack/extentreports/3.0.7/extentreports-3.0.7.jar:/Users/ismayatikiran/.m2/repository/org/freemarker/freemarker/2.3.23/freemarker-2.3.23.jar:/Users/ismayatikiran/.m2/repository/org/mongodb/mongodb-driver/3.3.0/mongodb-driver-3.3.0.jar:/Users/ismayatikiran/.m2/repository/org/mongodb/bson/3.3.0/bson-3.3.0.jar:/Users/ismayatikiran/.m2/repository/org/mongodb/mongodb-driver-core/3.3.0/mongodb-driver-core-3.3.0.jar:/Users/ismayatikiran/.m2/repository/org/jsoup/jsoup/1.9.2/jsoup-1.9.2.jar:/Users/ismayatikiran/.m2/repository/com/relevantcodes/extentreports/2.41.1/extentreports-2.41.1.jar:/Users/ismayatikiran/.m2/repository/org/xerial/sqlite-jdbc/3.8.11.1/sqlite-jdbc-3.8.11.1.jar:/Users/ismayatikiran/.m2/repository/io/rest-assured/rest-assured/3.1.0/rest-assured-3.1.0.jar:/Users/ismayatikiran/.m2/repository/org/codehaus/groovy/groovy/2.4.12/groovy-2.4.12.jar:/Users/ismayatikiran/.m2/repository/org/codehaus/groovy/groovy-xml/2.4.12/groovy-xml-2.4.12.jar:/Users/ismayatikiran/.m2/repository/org/hamcrest/hamcrest-core/1.3/hamcrest-core-1.3.jar:/Users/ismayatikiran/.m2/repository/org/hamcrest/hamcrest-library/1.3/hamcrest-library-1.3.jar:/Users/ismayatikiran/.m2/repository/org/ccil/cowan/tagsoup/tagsoup/1.2.1/tagsoup-1.2.1.jar:/Users/ismayatikiran/.m2/repository/io/rest-assured/json-path/3.1.0/json-path-3.1.0.jar:/Users/ismayatikiran/.m2/repository/org/codehaus/groovy/groovy-json/2.4.12/groovy-json-2.4.12.jar:/Users/ismayatikiran/.m2/repository/io/rest-assured/rest-assured-common/3.1.0/rest-assured-common-3.1.0.jar:/Users/ismayatikiran/.m2/repository/io/rest-assured/xml-path/3.1.0/xml-path-3.1.0.jar:/Users/ismayatikiran/.m2/repository/javax/xml/bind/jaxb-api/2.2.12/jaxb-api-2.2.12.jar:/Users/ismayatikiran/.m2/repository/org/apache/maven/surefire/surefire-testng-utils/2.20.1/surefire-testng-utils-2.20.1.jar:/Users/ismayatikiran/.m2/repository/org/apache/maven/surefire/surefire-grouper/2.20.1/surefire-grouper-2.20.1.jar:"/>
    <property name="sun.cpu.endian" value="little"/>
    <property name="user.home" value="/Users/ismayatikiran"/>
    <property name="user.language" value="en"/>
    <property name="java.specification.vendor" value="Oracle Corporation"/>
    <property name="java.home" value="/Library/Java/JavaVirtualMachines/jdk1.8.0_181.jdk/Contents/Home/jre"/>
    <property name="basedir" value="/Users/ismayatikiran/Documents/Web-Automation-FrameWork_group1/Web-Automation-FrameWork/instagram"/>
    <property name="file.separator" value="/"/>
    <property name="line.separator" value="&#10;"/>
    <property name="java.vm.specification.vendor" value="Oracle Corporation"/>
    <property name="java.specification.name" value="Java Platform API Specification"/>
    <property name="java.awt.graphicsenv" value="sun.awt.CGraphicsEnvironment"/>
    <property name="surefire.real.class.path" value="/Users/ismayatikiran/Documents/Web-Automation-FrameWork_group1/Web-Automation-FrameWork/instagram/target/surefire/surefirebooter5106992285244508838.jar"/>
    <property name="sun.boot.class.path" value="/Library/Java/JavaVirtualMachines/jdk1.8.0_181.jdk/Contents/Home/jre/lib/resources.jar:/Library/Java/JavaVirtualMachines/jdk1.8.0_181.jdk/Contents/Home/jre/lib/rt.jar:/Library/Java/JavaVirtualMachines/jdk1.8.0_181.jdk/Contents/Home/jre/lib/sunrsasign.jar:/Library/Java/JavaVirtualMachines/jdk1.8.0_181.jdk/Contents/Home/jre/lib/jsse.jar:/Library/Java/JavaVirtualMachines/jdk1.8.0_181.jdk/Contents/Home/jre/lib/jce.jar:/Library/Java/JavaVirtualMachines/jdk1.8.0_181.jdk/Contents/Home/jre/lib/charsets.jar:/Library/Java/JavaVirtualMachines/jdk1.8.0_181.jdk/Contents/Home/jre/lib/jfr.jar:/Library/Java/JavaVirtualMachines/jdk1.8.0_181.jdk/Contents/Home/jre/classes"/>
    <property name="sun.management.compiler" value="HotSpot 64-Bit Tiered Compilers"/>
    <property name="ftp.nonProxyHosts" value="local|*.local|169.254/16|*.169.254/16"/>
    <property name="java.runtime.version" value="1.8.0_181-b13"/>
    <property name="user.name" value="ismayatikiran"/>
    <property name="path.separator" value=":"/>
    <property name="os.version" value="10.13.4"/>
    <property name="java.endorsed.dirs" value="/Library/Java/JavaVirtualMachines/jdk1.8.0_181.jdk/Contents/Home/jre/lib/endorsed"/>
    <property name="java.runtime.name" value="Java(TM) SE Runtime Environment"/>
    <property name="file.encoding" value="UTF-8"/>
    <property name="java.vm.name" value="Java HotSpot(TM) 64-Bit Server VM"/>
    <property name="localRepository" value="/Users/ismayatikiran/.m2/repository"/>
    <property name="java.vendor.url.bug" value="http://bugreport.sun.com/bugreport/"/>
    <property name="java.io.tmpdir" value="/var/folders/jn/l9hchb21363183bcpb67rhmh0000gn/T/"/>
    <property name="idea.version" value="2018.2.3"/>
    <property name="java.version" value="1.8.0_181"/>
    <property name="user.dir" value="/Users/ismayatikiran/Documents/Web-Automation-FrameWork_group1/Web-Automation-FrameWork/instagram"/>
    <property name="os.arch" value="x86_64"/>
    <property name="java.vm.specification.name" value="Java Virtual Machine Specification"/>
    <property name="java.awt.printerjob" value="sun.lwawt.macosx.CPrinterJob"/>
    <property name="sun.os.patch.level" value="unknown"/>
    <property name="java.library.path" value="/Users/ismayatikiran/Library/Java/Extensions:/Library/Java/Extensions:/Network/Library/Java/Extensions:/System/Library/Java/Extensions:/usr/lib/java:."/>
    <property name="java.vm.info" value="mixed mode"/>
    <property name="java.vendor" value="Oracle Corporation"/>
    <property name="java.vm.version" value="25.181-b13"/>
    <property name="java.ext.dirs" value="/Users/ismayatikiran/Library/Java/Extensions:/Library/Java/JavaVirtualMachines/jdk1.8.0_181.jdk/Contents/Home/jre/lib/ext:/Library/Java/Extensions:/Network/Library/Java/Extensions:/System/Library/Java/Extensions:/usr/lib/java"/>
    <property name="sun.io.unicode.encoding" value="UnicodeBig"/>
    <property name="java.class.version" value="52.0"/>
    <property name="socksNonProxyHosts" value="local|*.local|169.254/16|*.169.254/16"/>
  </properties>
  <testcase name="homepagetest" classname="HomePageTest.IhomePagetest" time="0.036"/>
  <testcase name="cleanUp" classname="HomePageTest.IhomePagetest" time="0.423">
    <failure message="Session ID is null. Using WebDriver after calling quit()?&#10;Build info: version: &apos;3.11.0&apos;, revision: &apos;e59cfb3&apos;, time: &apos;2018-03-11T20:26:55.152Z&apos;&#10;System info: host: &apos;ismayatis-MacBook-Air.local&apos;, ip: &apos;fe80:0:0:0:1869:cd4:b52d:895e%en0&apos;, os.name: &apos;Mac OS X&apos;, os.arch: &apos;x86_64&apos;, os.version: &apos;10.13.4&apos;, java.version: &apos;1.8.0_181&apos;&#10;Driver info: driver.version: RemoteWebDriver" type="org.openqa.selenium.NoSuchSessionException">org.openqa.selenium.NoSuchSessionException: 
Session ID is null. Using WebDriver after calling quit()?
Build info: version: '3.11.0', revision: 'e59cfb3', time: '2018-03-11T20:26:55.152Z'
System info: host: 'ismayatis-MacBook-Air.local', ip: 'fe80:0:0:0:1869:cd4:b52d:895e%en0', os.name: 'Mac OS X', os.arch: 'x86_64', os.version: '10.13.4', java.version: '1.8.0_181'
Driver info: driver.version: RemoteWebDriver
</failure>
  </testcase>
  <testcase name="cleanUp" classname="HomePageTest.IhomePagetest" time="0">
    <skipped/>
  </testcase>
  <testcase name="cleanUp" classname="HomePageTest.IhomePagetest" time="0">
    <skipped/>
  </testcase>
  <testcase name="cleanUp" classname="HomePageTest.IhomePagetest" time="0">
    <skipped/>
  </testcase>
  <testcase name="setUp" classname="HomePageTest.IhomePagetest" time="0">
    <skipped/>
  </testcase>
  <testcase name="setUp" classname="HomePageTest.IhomePagetest" time="0">
    <skipped/>
  </testcase>
  <testcase name="setUp" classname="HomePageTest.IhomePagetest" time="0">
    <skipped/>
  </testcase>
  <testcase name="startExtent" classname="HomePageTest.IhomePagetest" time="0">
    <skipped/>
  </testcase>
  <testcase name="startExtent" classname="HomePageTest.IhomePagetest" time="0">
    <skipped/>
  </testcase>
  <testcase name="startExtent" classname="HomePageTest.IhomePagetest" time="0">
    <skipped/>
  </testcase>
  <testcase name="loginbuttontest" classname="HomePageTest.IhomePagetest" time="0">
    <skipped message="Session ID is null. Using WebDriver after calling quit()?&#10;Build info: version: &apos;3.11.0&apos;, revision: &apos;e59cfb3&apos;, time: &apos;2018-03-11T20:26:55.152Z&apos;&#10;System info: host: &apos;ismayatis-MacBook-Air.local&apos;, ip: &apos;fe80:0:0:0:1869:cd4:b52d:895e%en0&apos;, os.name: &apos;Mac OS X&apos;, os.arch: &apos;x86_64&apos;, os.version: &apos;10.13.4&apos;, java.version: &apos;1.8.0_181&apos;&#10;Driver info: driver.version: RemoteWebDriver"/>
  </testcase>
  <testcase name="afterEachTestMethod" classname="HomePageTest.IhomePagetest" time="0">
    <skipped/>
  </testcase>
  <testcase name="afterEachTestMethod" classname="HomePageTest.IhomePagetest" time="0">
    <skipped/>
  </testcase>
  <testcase name="afterEachTestMethod" classname="HomePageTest.IhomePagetest" time="0">
    <skipped/>
  </testcase>
  <testcase name="signupnuttontest" classname="HomePageTest.IhomePagetest" time="0">
    <skipped message="Session ID is null. Using WebDriver after calling quit()?&#10;Build info: version: &apos;3.11.0&apos;, revision: &apos;e59cfb3&apos;, time: &apos;2018-03-11T20:26:55.152Z&apos;&#10;System info: host: &apos;ismayatis-MacBook-Air.local&apos;, ip: &apos;fe80:0:0:0:1869:cd4:b52d:895e%en0&apos;, os.name: &apos;Mac OS X&apos;, os.arch: &apos;x86_64&apos;, os.version: &apos;10.13.4&apos;, java.version: &apos;1.8.0_181&apos;&#10;Driver info: driver.version: RemoteWebDriver"/>
  </testcase>
  <testcase name="termbuttontest" classname="HomePageTest.IhomePagetest" time="0">
    <skipped message="Session ID is null. Using WebDriver after calling quit()?&#10;Build info: version: &apos;3.11.0&apos;, revision: &apos;e59cfb3&apos;, time: &apos;2018-03-11T20:26:55.152Z&apos;&#10;System info: host: &apos;ismayatis-MacBook-Air.local&apos;, ip: &apos;fe80:0:0:0:1869:cd4:b52d:895e%en0&apos;, os.name: &apos;Mac OS X&apos;, os.arch: &apos;x86_64&apos;, os.version: &apos;10.13.4&apos;, java.version: &apos;1.8.0_181&apos;&#10;Driver info: driver.version: RemoteWebDriver"/>
  </testcase>
  <testcase name="findsometest" classname="LoginPackageTest.Ilogintest" time="6.514"/>
  <testcase name="cleanUp" classname="LoginPackageTest.Ilogintest" time="6.69">
    <failure message="Session ID is null. Using WebDriver after calling quit()?&#10;Build info: version: &apos;3.11.0&apos;, revision: &apos;e59cfb3&apos;, time: &apos;2018-03-11T20:26:55.152Z&apos;&#10;System info: host: &apos;ismayatis-MacBook-Air.local&apos;, ip: &apos;fe80:0:0:0:1869:cd4:b52d:895e%en0&apos;, os.name: &apos;Mac OS X&apos;, os.arch: &apos;x86_64&apos;, os.version: &apos;10.13.4&apos;, java.version: &apos;1.8.0_181&apos;&#10;Driver info: driver.version: RemoteWebDriver" type="org.openqa.selenium.NoSuchSessionException">org.openqa.selenium.NoSuchSessionException: 
Session ID is null. Using WebDriver after calling quit()?
Build info: version: '3.11.0', revision: 'e59cfb3', time: '2018-03-11T20:26:55.152Z'
System info: host: 'ismayatis-MacBook-Air.local', ip: 'fe80:0:0:0:1869:cd4:b52d:895e%en0', os.name: 'Mac OS X', os.arch: 'x86_64', os.version: '10.13.4', java.version: '1.8.0_181'
Driver info: driver.version: RemoteWebDriver
</failure>
  </testcase>
  <testcase name="cleanUp" classname="LoginPackageTest.Ilogintest" time="0">
    <skipped/>
  </testcase>
  <testcase name="setUp" classname="LoginPackageTest.Ilogintest" time="0">
    <skipped/>
  </testcase>
  <testcase name="startExtent" classname="LoginPackageTest.Ilogintest" time="0">
    <skipped/>
  </testcase>
  <testcase name="lginfbtest" classname="LoginPackageTest.Ilogintest" time="0">
    <skipped message="Session ID is null. Using WebDriver after calling quit()?&#10;Build info: version: &apos;3.11.0&apos;, revision: &apos;e59cfb3&apos;, time: &apos;2018-03-11T20:26:55.152Z&apos;&#10;System info: host: &apos;ismayatis-MacBook-Air.local&apos;, ip: &apos;fe80:0:0:0:1869:cd4:b52d:895e%en0&apos;, os.name: &apos;Mac OS X&apos;, os.arch: &apos;x86_64&apos;, os.version: &apos;10.13.4&apos;, java.version: &apos;1.8.0_181&apos;&#10;Driver info: driver.version: RemoteWebDriver"/>
  </testcase>
  <testcase name="afterEachTestMethod" classname="LoginPackageTest.Ilogintest" time="0">
    <skipped/>
  </testcase>
</testsuite>